<?xml version="1.0" encoding="UTF-8"?>
<!-- Generated by org.testng.reporters.JUnitReportReporter -->
<testsuite hostname="MTSPC25" failures="0" tests="1" name="com.tests.WelcomeValidation" time="14.262" errors="0" timestamp="2024-01-23T19:45:40 IST" skipped="0">
  <testcase classname="com.tests.WelcomeValidation" name="test" time="14.262"/>
</testsuite> <!-- com.tests.WelcomeValidation -->
