<?xml version="1.0" encoding="UTF-8"?>
<!-- Generated by org.testng.reporters.JUnitReportReporter -->
<testsuite hostname="MTSPC25" failures="0" tests="1" name="com.tests.CreateLeads" time="17.412" errors="0" timestamp="2024-01-25T13:14:38 IST" skipped="0">
  <testcase classname="com.tests.CreateLeads" name="test" time="17.412"/>
</testsuite> <!-- com.tests.CreateLeads -->
