<?xml version="1.0" encoding="UTF-8"?>
<!-- Generated by org.testng.reporters.JUnitReportReporter -->
<testsuite hostname="MTSPC25" failures="0" tests="1" name="com.tests.VerifyLogin" time="15.269" errors="0" timestamp="2023-12-21T17:27:59 IST" skipped="0">
  <testcase classname="com.tests.VerifyLogin" name="test" time="15.269"/>
</testsuite> <!-- com.tests.VerifyLogin -->
