<?xml version="1.0" encoding="UTF-8"?>
<!-- Generated by org.testng.reporters.JUnitReportReporter -->
<testsuite hostname="Usha-PC" failures="0" tests="2" name="com.tests.CreateLeadsValidation" time="136.864" errors="0" timestamp="2024-02-19T23:40:27 IST" skipped="0">
  <testcase classname="com.tests.CreateLeadsValidation" name="test" time="111.087"/>
  <system-out/>
  <testcase classname="com.tests.CreateLeadsValidation" name="test" time="25.777"/>
  <system-out/>
</testsuite> <!-- com.tests.CreateLeadsValidation -->
